<?xml version="1.0" encoding="UTF-8"?>
<!-- Generated by org.testng.reporters.JUnitReportReporter -->
<testsuite skipped="0" hostname="LAPTOP-98FFV2GA" name="interview.ReadExcel" tests="1" failures="0" timestamp="15 Jul 2024 05:53:45 GMT" time="0.700" errors="0">
  <testcase name="testdatacheck" time="0.700" classname="interview.ReadExcel"/>
</testsuite> <!-- interview.ReadExcel -->
