<?xml version="1.0" encoding="UTF-8"?>
<!-- Generated by org.testng.reporters.JUnitReportReporter -->
<testsuite skipped="0" hostname="LAPTOP-98FFV2GA" name="InterviewCoding.Selenium_Basic" tests="1" failures="0" timestamp="06 Sep 2024 05:43:54 GMT" time="5.814" errors="0">
  <testcase name="setup" time="5.814" classname="InterviewCoding.Selenium_Basic"/>
</testsuite> <!-- InterviewCoding.Selenium_Basic -->
